<?xml version="1.0" encoding="UTF-8"?>
<testng-results skipped="0" failed="0" ignored="0" total="1" passed="1">
  <reporter-output>
  </reporter-output>
  <suite name="Surefire suite" duration-ms="28417" started-at="2022-12-27T00:45:45 IST" finished-at="2022-12-27T00:46:13 IST">
    <groups>
    </groups>
    <test name="Surefire test" duration-ms="28417" started-at="2022-12-27T00:45:45 IST" finished-at="2022-12-27T00:46:13 IST">
      <class name="com.Procrm.Testcases.LoginPageTest">
        <test-method status="PASS" signature="setUp()[pri:0, instance:com.Procrm.Testcases.LoginPageTest@6737fd8f]" name="setUp" is-config="true" duration-ms="19153" started-at="2022-12-27T00:45:45 IST" finished-at="2022-12-27T00:46:04 IST">
          <reporter-output>
          </reporter-output>
        </test-method> <!-- setUp -->
        <test-method status="PASS" signature="verifyUserCredentialTest()[pri:0, instance:com.Procrm.Testcases.LoginPageTest@6737fd8f]" name="verifyUserCredentialTest" duration-ms="7955" started-at="2022-12-27T00:46:04 IST" finished-at="2022-12-27T00:46:12 IST">
          <reporter-output>
          </reporter-output>
        </test-method> <!-- verifyUserCredentialTest -->
        <test-method status="PASS" signature="tearDown()[pri:0, instance:com.Procrm.Testcases.LoginPageTest@6737fd8f]" name="tearDown" is-config="true" duration-ms="1104" started-at="2022-12-27T00:46:12 IST" finished-at="2022-12-27T00:46:13 IST">
          <reporter-output>
          </reporter-output>
        </test-method> <!-- tearDown -->
      </class> <!-- com.Procrm.Testcases.LoginPageTest -->
    </test> <!-- Surefire test -->
  </suite> <!-- Surefire suite -->
</testng-results>
